C51 COMPILER V9.01   DISPLAY                                                               05/17/2016 00:29:42 PAGE 1   


C51 COMPILER V9.01, COMPILATION OF MODULE DISPLAY
OBJECT MODULE PLACED IN .\LINKING\Output\display.obj
COMPILER INVOKED BY: C:\Program Files (x86)\KEIL_v4\C51\BIN\C51.EXE USR\display.c BROWSE INCDIR(.\DRI;.\SYS;.\USR) DEBUG
                    - OBJECTEXTEND PRINT(.\LINKING\Listings\display.lst) OBJECT(.\LINKING\Output\display.obj)

line level    source

   1          #include<hc165.h>
   2          #include<calc.h>
   3          #include<lcd.h>
   4          #include<display.h>
   5          
   6          unsigned char state = 0;
   7          extern unsigned char buf[12];
   8          unsigned char code ascii[]={"0123456789"};
   9          extern int temp;
  10          extern unsigned char step;
  11          int lcd_numdisplay(int num){
  12   1              unsigned char arrayLength;
  13   1              unsigned char i;
  14   1              arrayLength = LongToString(num);
  15   1              for(i = 0; i < arrayLength; i++) {
  16   2                      if(step == 0 || step == 2 || step == 3)
  17   2                              LcdWrData(ascii[buf[arrayLength-i-1]]); 
  18   2              }
  19   1              return arrayLength;
  20   1      }
  21          
  22          void lcd_flagdisplay(int num) {
  23   1              switch(num) {
  24   2                      case 10: LcdWrData('+'); break;
  25   2                      case 11: LcdWrData('-'); break;
  26   2                      case 12: LcdWrData('*'); break;
  27   2                      case 13: LcdWrData('/'); break;
  28   2              }
  29   1              step = 2;
  30   1      }
  31          
  32          void decimal_display(void) {
  33   1                      LcdWrData('.');
  34   1      }


MODULE INFORMATION:   STATIC OVERLAYABLE
   CODE SIZE        =    100    ----
   CONSTANT SIZE    =     11    ----
   XDATA SIZE       =   ----    ----
   PDATA SIZE       =   ----    ----
   DATA SIZE        =      1       2
   IDATA SIZE       =   ----    ----
   BIT SIZE         =   ----    ----
END OF MODULE INFORMATION.


C51 COMPILATION COMPLETE.  0 WARNING(S),  0 ERROR(S)
