C51 COMPILER V9.01   HC165                                                                 05/10/2016 23:03:05 PAGE 1   


C51 COMPILER V9.01, COMPILATION OF MODULE HC165
OBJECT MODULE PLACED IN .\LINKING\Output\hc165.obj
COMPILER INVOKED BY: C:\Keil_v4\C51\BIN\C51.EXE DRI\hc165.c BROWSE INCDIR(.\DRI;.\SYS;.\USR) DEBUG OBJECTEXTEND PRINT(.\
                    -LINKING\Listings\hc165.lst) OBJECT(.\LINKING\Output\hc165.obj)

line level    source

   1          #include<reg52.h>
   2          sbit hc165_sdo=P2^5;
   3          sbit hc165_sclk=P2^6;
   4          sbit hc165_pl=P2^7;
   5          
   6          void hc165_init(){
   7   1              hc165_sdo=1;
   8   1              hc165_sclk=0;
   9   1              hc165_pl=1;
  10   1      }
  11          
  12          unsigned char hc165_re(void){
  13   1              unsigned i,x=0;
  14   1              hc165_pl=0;
  15   1              x=x+0;
  16   1              hc165_pl=1;
  17   1              if( hc165_sdo == 1 )
  18   1                      x = x + 1;
  19   1              for( i = 0;i < 7;i ++){
  20   2                      hc165_sclk=1;
  21   2                      x = x << 1;
  22   2                      hc165_sclk=0;
  23   2                      if( hc165_sdo == 1 )
  24   2                              x = x + 1;
  25   2              }
  26   1              return x;
  27   1      }


MODULE INFORMATION:   STATIC OVERLAYABLE
   CODE SIZE        =     56    ----
   CONSTANT SIZE    =   ----    ----
   XDATA SIZE       =   ----    ----
   PDATA SIZE       =   ----    ----
   DATA SIZE        =   ----    ----
   IDATA SIZE       =   ----    ----
   BIT SIZE         =   ----    ----
END OF MODULE INFORMATION.


C51 COMPILATION COMPLETE.  0 WARNING(S),  0 ERROR(S)
