C51 COMPILER V9.01   KEYSCAN_BASIC                                                         05/09/2016 10:38:11 PAGE 1   


C51 COMPILER V9.01, COMPILATION OF MODULE KEYSCAN_BASIC
OBJECT MODULE PLACED IN .\LINKING\Output\keyscan_basic.obj
COMPILER INVOKED BY: C:\Program Files (x86)\KEIL_v4\C51\BIN\C51.EXE USR\keyscan_basic.c BROWSE INCDIR(.\DRI;.\SYS;.\USR)
                    - DEBUG OBJECTEXTEND PRINT(.\LINKING\Listings\keyscan_basic.lst) OBJECT(.\LINKING\Output\keyscan_basic.obj)

line level    source

   1          #include<reg52.h>
   2          #include<lcd.h>
   3          #include<hc165.h>
   4          #include<keyscan_basic.h>
   5          
   6          extern unsigned char step;
   7          int keyscan_transfer(unsigned char key) {
   8   1              int key_transfer;
   9   1              switch(key) {
  10   2                      case 0x80:key_transfer = 1; 
  11   2              }
  12   1              if(key_transfer == '+' ) {
  13   2                      step = 1;
  14   2              }
  15   1              return key_transfer;    
  16   1      }


MODULE INFORMATION:   STATIC OVERLAYABLE
   CODE SIZE        =     23    ----
   CONSTANT SIZE    =   ----    ----
   XDATA SIZE       =   ----    ----
   PDATA SIZE       =   ----    ----
   DATA SIZE        =   ----    ----
   IDATA SIZE       =   ----    ----
   BIT SIZE         =   ----    ----
END OF MODULE INFORMATION.


C51 COMPILATION COMPLETE.  0 WARNING(S),  0 ERROR(S)
