C51 COMPILER V9.01   KEYSCAN_ADVANCE                                                       05/12/2016 10:50:38 PAGE 1   


C51 COMPILER V9.01, COMPILATION OF MODULE KEYSCAN_ADVANCE
OBJECT MODULE PLACED IN .\LINKING\Output\keyscan_advance.obj
COMPILER INVOKED BY: C:\Program Files (x86)\KEIL_v4\C51\BIN\C51.EXE USR\keyscan_advance.c BROWSE INCDIR(.\DRI;.\SYS;.\US
                    -R) DEBUG OBJECTEXTEND PRINT(.\LINKING\Listings\keyscan_advance.lst) OBJECT(.\LINKING\Output\keyscan_advance.obj)

line level    source

   1          #include<reg52.h>
   2          #include<lcd.h>
   3          #include<hc165.h>
   4          #include<keyscan_advance.h>
   5          #include<zlg7290.h>
   6          extern int tempNumtransfer_1;
   7          extern int tempNumtransfer_2;
   8          extern int tempKeytransfer_1;
   9          extern int tempKeytransfer_2;
  10          extern unsigned char step;
  11          extern unsigned char result;
  12          extern int num_temp;
  13          void key_function(void) {
  14   1              unsigned char key_function;
  15   1              key_function = hc165_re();
  16   1              Delay1ms(100);
  17   1              key_function = hc165_re();
  18   1              switch(key_function){
  19   2                      case 0xfd: clear_step(); break; 
  20   2              }
  21   1      }
  22          
  23          void clear_step(void) {
  24   1              tempNumtransfer_1 = 0;
  25   1              tempNumtransfer_2 = 0;
  26   1              tempKeytransfer_1 = 0;
  27   1              tempKeytransfer_2 = 0;
  28   1              step = 0;
  29   1              disp_line(0);
  30   1              LcdWrCmd(0x01);
  31   1              LcdWrCmd(0x80);
  32   1              key_press = 0;
  33   1              num_temp = 0;
  34   1      }


MODULE INFORMATION:   STATIC OVERLAYABLE
   CODE SIZE        =     63    ----
   CONSTANT SIZE    =   ----    ----
   XDATA SIZE       =   ----    ----
   PDATA SIZE       =   ----    ----
   DATA SIZE        =   ----    ----
   IDATA SIZE       =   ----    ----
   BIT SIZE         =   ----    ----
END OF MODULE INFORMATION.


C51 COMPILATION COMPLETE.  0 WARNING(S),  0 ERROR(S)
