C51 COMPILER V9.01   LCD                                                                   05/11/2016 18:23:41 PAGE 1   


C51 COMPILER V9.01, COMPILATION OF MODULE LCD
OBJECT MODULE PLACED IN .\LINKING\Output\lcd.obj
COMPILER INVOKED BY: C:\Program Files (x86)\KEIL_v4\C51\BIN\C51.EXE DRI\lcd.c BROWSE INCDIR(.\DRI;.\SYS;.\USR) DEBUG OBJ
                    -ECTEXTEND PRINT(.\LINKING\Listings\lcd.lst) OBJECT(.\LINKING\Output\lcd.obj)

line level    source

   1          #include<reg52.h>
   2          sbit LCD_E = P2^2;
   3          sbit LCD_RW = P2^1;
   4          sbit LCD_RS = P2^0;
   5          sbit HC164_SDAT = P2^3;
   6          sbit HC164_SCLK = P2^4;
   7          void send_data(unsigned char dat) {
   8   1              unsigned char i;
   9   1              for(i = 0; i < 8; i++){
  10   2                      HC164_SCLK = 0;
  11   2                      if(dat & 0x80){
  12   3                              HC164_SDAT = 1;
  13   3                      }
  14   2                      else{
  15   3                              HC164_SDAT = 0;
  16   3                      }
  17   2                      HC164_SCLK = 1;
  18   2                      dat = dat << 1;
  19   2              }
  20   1      }
  21          
  22          void Delay1ms(unsigned int c) {
  23   1              unsigned char a,b;
  24   1              for(; c>0; c--) {
  25   2                      for(b = 199; b > 0; b--) {
  26   3                              for(a = 1; a > 0; a--);
  27   3                      }
  28   2              }
  29   1      }
  30          
  31          void LcdWrCmd(unsigned char com) {
  32   1              unsigned char x;
  33   1              LCD_E = 0;
  34   1              LCD_RS = 0;
  35   1              LCD_RW = 0;
  36   1              
  37   1              send_data(com);
  38   1              x++;
  39   1              LCD_E = 1;
  40   1              x++;
  41   1              LCD_E = 0;
  42   1              Delay1ms(1);
  43   1      }
  44          void LcdWrData(unsigned char dat) {
  45   1              unsigned char x;
  46   1              LCD_E = 0;
  47   1              LCD_RS = 1;
  48   1              LCD_RW = 0;
  49   1      
  50   1              send_data(dat);
  51   1              x++;
  52   1              LCD_E = 1;
  53   1              x++;
  54   1              LCD_E = 0;
C51 COMPILER V9.01   LCD                                                                   05/11/2016 18:23:41 PAGE 2   

  55   1              Delay1ms(1);
  56   1      }
  57          
  58          void disp_line(unsigned char line) {
  59   1              if(line == 0){
  60   2                      LcdWrCmd(0x80 + 0x00);
  61   2              }
  62   1              else{
  63   2                      LcdWrCmd(0x80 + 0x40);
  64   2              }
  65   1      }
  66          
  67          void LcdInit(){
  68   1              /*char code year []={0x04,0x0F,0x12,0x0F,0x0A,0x1F,0x02,0x02,};
  69   1              char code month []={0x00,0x0F,0x09,0x0F,0x09,0x0F,0x09,0x13,};
  70   1              char code day []={0x00,0x1F,0x11,0x11,0x1F,0x11,0x11,0x1F,};
  71   1              char code path1 []={0x01,0x02,0x04,0x0A,0x02,0x02,0x02,0x02,};
  72   1              char code path2 []={0x1E,0x02,0x1F,0x08,0x1E,0x04,0x1F,0x0A,};
  73   1              char code path3 []={0x15,0x1F,0x00,0x1F,0x01,0x1F,0x10,0x1C,};
  74   1              char code path4 []={0x0E,0x0A,0x0A,0x0A,0x0A,0x0A,0x0A,0x13,}; */
  75   1              LcdWrCmd(0x38);
  76   1              LcdWrCmd(0x0c);
  77   1              LcdWrCmd(0x06);
  78   1              LcdWrCmd(0x01);
  79   1              /*Delay1ms(50);
  80   1              LcdWrCmd(0x40);
  81   1              for(i = 0; i < 8; i++)
  82   1                      LcdWrData(year [i]);
  83   1              for(i = 0; i < 8; i++)
  84   1                      LcdWrData(month [i]);
  85   1              for(i = 0; i < 8; i++)
  86   1                      LcdWrData(day [i]);
  87   1              for(i = 0; i < 8; i++)
  88   1                      LcdWrData(path1 [i]);
  89   1              for(i = 0; i < 8; i++)
  90   1                      LcdWrData(path2 [i]);
  91   1              for(i = 0; i < 8; i++)
  92   1                      LcdWrData(path3 [i]);
  93   1              for(i = 0; i < 8; i++)
  94   1                      LcdWrData(path4 [i]);*/
  95   1      }


MODULE INFORMATION:   STATIC OVERLAYABLE
   CODE SIZE        =    131    ----
   CONSTANT SIZE    =   ----    ----
   XDATA SIZE       =   ----    ----
   PDATA SIZE       =   ----    ----
   DATA SIZE        =   ----       2
   IDATA SIZE       =   ----    ----
   BIT SIZE         =   ----    ----
END OF MODULE INFORMATION.


C51 COMPILATION COMPLETE.  0 WARNING(S),  0 ERROR(S)
