C51 COMPILER V9.01   MAIN                                                                  05/09/2016 10:38:10 PAGE 1   


C51 COMPILER V9.01, COMPILATION OF MODULE MAIN
OBJECT MODULE PLACED IN .\LINKING\Output\main.obj
COMPILER INVOKED BY: C:\Program Files (x86)\KEIL_v4\C51\BIN\C51.EXE USR\main.c BROWSE INCDIR(.\DRI;.\SYS;.\USR) DEBUG OB
                    -JECTEXTEND PRINT(.\LINKING\Listings\main.lst) OBJECT(.\LINKING\Output\main.obj)

line level    source

   1          #include<reg52.h>
   2          #include<lcd.h>
   3          #include<hc165.h>
   4          #include<display.h>
   5          #include<I2C.h>
   6          void main(){
   7   1              hc165_init();
   8   1              I2C_Init();
   9   1              LcdInit();
  10   1              while(1){
  11   2                      unsigned char key;
  12   2                      key = hc165_re();
  13   2              }
  14   1      }


MODULE INFORMATION:   STATIC OVERLAYABLE
   CODE SIZE        =     16    ----
   CONSTANT SIZE    =   ----    ----
   XDATA SIZE       =   ----    ----
   PDATA SIZE       =   ----    ----
   DATA SIZE        =   ----       1
   IDATA SIZE       =   ----    ----
   BIT SIZE         =   ----    ----
END OF MODULE INFORMATION.


C51 COMPILATION COMPLETE.  0 WARNING(S),  0 ERROR(S)
