C51 COMPILER V9.01   DISPLAY                                                               06/06/2016 22:36:52 PAGE 1   


C51 COMPILER V9.01, COMPILATION OF MODULE DISPLAY
OBJECT MODULE PLACED IN .\LINKING\display.obj
COMPILER INVOKED BY: C:\Program Files (x86)\KEIL_v4\C51\BIN\C51.EXE USR\display.c BROWSE INCDIR(.\DRI;.\SYS;.\USR) DEBUG
                    - OBJECTEXTEND PRINT(.\LINKING\display.lst) OBJECT(.\LINKING\display.obj)

line level    source

   1          #include<reg52.h>
   2          #include<display.h>
   3          #include<process.h>
   4          #include<lcd.h>
   5          extern unsigned char buf[12];
   6          unsigned char code ascii[]={"0123456789"};
   7          void lcd_numdisplay(unsigned long num){
   8   1              unsigned char arrayLength;
   9   1              unsigned char i;
  10   1              arrayLength = LongToString(num);
  11   1              for(i = 0; i < arrayLength; i++) {
  12   2                              LcdWrData(ascii[buf[arrayLength-i-1]]); 
  13   2              }
  14   1      }
  15          
  16          void password_display(unsigned long num) {
  17   1              unsigned char arrayLength;
  18   1              unsigned char i;
  19   1              arrayLength = LongToString(num);
  20   1              for(i = 0; i < arrayLength; i++) {
  21   2                      LcdWrData('*');
  22   2              }
  23   1      }


MODULE INFORMATION:   STATIC OVERLAYABLE
   CODE SIZE        =     64    ----
   CONSTANT SIZE    =     11    ----
   XDATA SIZE       =   ----    ----
   PDATA SIZE       =   ----    ----
   DATA SIZE        =   ----       4
   IDATA SIZE       =   ----    ----
   BIT SIZE         =   ----    ----
END OF MODULE INFORMATION.


C51 COMPILATION COMPLETE.  0 WARNING(S),  0 ERROR(S)
