C51 COMPILER V9.01   KEYSCAN                                                               06/06/2016 22:36:52 PAGE 1   


C51 COMPILER V9.01, COMPILATION OF MODULE KEYSCAN
OBJECT MODULE PLACED IN .\LINKING\keyscan.obj
COMPILER INVOKED BY: C:\Program Files (x86)\KEIL_v4\C51\BIN\C51.EXE USR\keyscan.c BROWSE INCDIR(.\DRI;.\SYS;.\USR) DEBUG
                    - OBJECTEXTEND PRINT(.\LINKING\keyscan.lst) OBJECT(.\LINKING\keyscan.obj)

line level    source

   1          #include<reg52.h>
   2          #include<keyscan.h>
   3          
   4          int key_transfer(unsigned char key) {
   5   1         int keyscan_transfer = 0;
   6   1              switch(key) {
   7   2                      case 0x01:keyscan_transfer = 1; break; 
   8   2                      case 0x02:keyscan_transfer = 2; break; 
   9   2                      case 0x03:keyscan_transfer = 3; break;
  10   2                      case 0x04:keyscan_transfer = 0; break;
  11   2                      case 0x05:keyscan_transfer = 4; break;
  12   2                      case 0x06:keyscan_transfer = 5; break;
  13   2                      case 0x07:keyscan_transfer = 6; break;
  14   2                      case 0x08:keyscan_transfer = 0; break;
  15   2                      case 0x09:keyscan_transfer = 7; break;
  16   2                      case 0x0A:keyscan_transfer = 8; break; 
  17   2                      case 0x0B:keyscan_transfer = 9; break;
  18   2                      case 0x0C:keyscan_transfer = 0; break;
  19   2                      case 0x0D:keyscan_transfer = 0; break;
  20   2                      case 0x0E:keyscan_transfer = 0; break;
  21   2                      case 0x0F:keyscan_transfer = 0; break;
  22   2                      case 0x10:keyscan_transfer = 0;break; 
  23   2              }
  24   1              return keyscan_transfer;
  25   1      }


MODULE INFORMATION:   STATIC OVERLAYABLE
   CODE SIZE        =    159    ----
   CONSTANT SIZE    =   ----    ----
   XDATA SIZE       =   ----    ----
   PDATA SIZE       =   ----    ----
   DATA SIZE        =   ----       2
   IDATA SIZE       =   ----    ----
   BIT SIZE         =   ----    ----
END OF MODULE INFORMATION.


C51 COMPILATION COMPLETE.  0 WARNING(S),  0 ERROR(S)
