C51 COMPILER V9.01   LCD                                                                   06/06/2016 22:36:53 PAGE 1   


C51 COMPILER V9.01, COMPILATION OF MODULE LCD
OBJECT MODULE PLACED IN .\LINKING\lcd.obj
COMPILER INVOKED BY: C:\Program Files (x86)\KEIL_v4\C51\BIN\C51.EXE DRI\lcd.c BROWSE INCDIR(.\DRI;.\SYS;.\USR) DEBUG OBJ
                    -ECTEXTEND PRINT(.\LINKING\lcd.lst) OBJECT(.\LINKING\lcd.obj)

line level    source

   1          #include<reg52.h>
   2          sbit LCD_E = P2^2;
   3          sbit LCD_RW = P2^1;
   4          sbit LCD_RS = P2^0;
   5          sbit HC164_SDAT = P2^3;
   6          sbit HC164_SCLK = P2^4;
   7          void send_data(unsigned char dat) {
   8   1              unsigned char i;
   9   1              for(i = 0; i < 8; i++){
  10   2                      HC164_SCLK = 0;
  11   2                      if(dat & 0x80){
  12   3                              HC164_SDAT = 1;
  13   3                      }
  14   2                      else{
  15   3                              HC164_SDAT = 0;
  16   3                      }
  17   2                      HC164_SCLK = 1;
  18   2                      dat = dat << 1;
  19   2              }
  20   1      }
  21          
  22          void Delay1ms(unsigned int c) {
  23   1              unsigned char a,b;
  24   1              for(; c>0; c--) {
  25   2                      for(b = 199; b > 0; b--) {
  26   3                              for(a = 1; a > 0; a--);
  27   3                      }
  28   2              }
  29   1      }
  30          
  31          void LcdWrCmd(unsigned char com) {
  32   1              unsigned char x;
  33   1              LCD_E = 0;
  34   1              LCD_RS = 0;
  35   1              LCD_RW = 0;
  36   1              
  37   1              send_data(com);
  38   1              x++;
  39   1              LCD_E = 1;
  40   1              x++;
  41   1              LCD_E = 0;
  42   1              Delay1ms(1);
  43   1      }
  44          void LcdWrData(unsigned char dat) {
  45   1              unsigned char x;
  46   1              LCD_E = 0;
  47   1              LCD_RS = 1;
  48   1              LCD_RW = 0;
  49   1      
  50   1              send_data(dat);
  51   1              x++;
  52   1              LCD_E = 1;
  53   1              x++;
  54   1              LCD_E = 0;
C51 COMPILER V9.01   LCD                                                                   06/06/2016 22:36:53 PAGE 2   

  55   1              Delay1ms(1);
  56   1      }
  57          
  58          void disp_line(unsigned char line) {
  59   1              if(line == 0){
  60   2                      LcdWrCmd(0x80 + 0x00);
  61   2              }
  62   1              else{
  63   2                      LcdWrCmd(0x80 + 0x40);
  64   2              }
  65   1      }
  66          
  67          void LcdInit(){
  68   1              LcdWrCmd(0x38);
  69   1              LcdWrCmd(0x0c);
  70   1              LcdWrCmd(0x06);
  71   1              LcdWrCmd(0x01);
  72   1      }


MODULE INFORMATION:   STATIC OVERLAYABLE
   CODE SIZE        =    131    ----
   CONSTANT SIZE    =   ----    ----
   XDATA SIZE       =   ----    ----
   PDATA SIZE       =   ----    ----
   DATA SIZE        =   ----       2
   IDATA SIZE       =   ----    ----
   BIT SIZE         =   ----    ----
END OF MODULE INFORMATION.


C51 COMPILATION COMPLETE.  0 WARNING(S),  0 ERROR(S)
