C51 COMPILER V9.01   MAIN                                                                  06/06/2016 22:46:24 PAGE 1   


C51 COMPILER V9.01, COMPILATION OF MODULE MAIN
OBJECT MODULE PLACED IN .\LINKING\main.obj
COMPILER INVOKED BY: C:\Program Files (x86)\KEIL_v4\C51\BIN\C51.EXE USR\main.c BROWSE INCDIR(.\DRI;.\SYS;.\USR) DEBUG OB
                    -JECTEXTEND PRINT(.\LINKING\main.lst) OBJECT(.\LINKING\main.obj)

line level    source

   1          #include<reg52.h>
   2          #include<process.h>
   3          #include<keyscan.h>
   4          #include<display.h>
   5          #include<I2C.h>
   6          #include<hc165.h>
   7          #include<lcd.h>
   8          #include<ZLG7290.h>
   9          void main() {
  10   1              unsigned long inputTransfered = 0; 
  11   1              int input = 0;
  12   1              key_press = 0;
  13   1              hc165_init();
  14   1              I2C_Init();
  15   1              LcdInit();
  16   1              while(1){
  17   2                      Read_ZLG7290Key();
  18   2                      delayMS(200);
  19   2                      if(key_press == 1){
  20   3                              key_press = 0;
  21   3                              input = key_transfer(key_code);
  22   3                              inputTransfered = number_transfer(input);
  23   3                              disp_line(0);
  24   3                              password_display(inputTransfered);
  25   3                              if(inputTransfered == 123456) {
  26   4                                      disp_line(1);
  27   4                                      LcdWrData('O');
  28   4                                      LcdWrData('K');
  29   4                              }
  30   3                      }
  31   2              }
  32   1      }


MODULE INFORMATION:   STATIC OVERLAYABLE
   CODE SIZE        =    117    ----
   CONSTANT SIZE    =   ----    ----
   XDATA SIZE       =   ----    ----
   PDATA SIZE       =   ----    ----
   DATA SIZE        =   ----       6
   IDATA SIZE       =   ----    ----
   BIT SIZE         =   ----    ----
END OF MODULE INFORMATION.


C51 COMPILATION COMPLETE.  0 WARNING(S),  0 ERROR(S)
