C51 COMPILER V9.01   PROCESS                                                               06/06/2016 22:36:52 PAGE 1   


C51 COMPILER V9.01, COMPILATION OF MODULE PROCESS
OBJECT MODULE PLACED IN .\LINKING\process.obj
COMPILER INVOKED BY: C:\Program Files (x86)\KEIL_v4\C51\BIN\C51.EXE USR\process.c BROWSE INCDIR(.\DRI;.\SYS;.\USR) DEBUG
                    - OBJECTEXTEND PRINT(.\LINKING\process.lst) OBJECT(.\LINKING\process.obj)

line level    source

   1          #include<reg52.h>
   2          #include<keyscan.h>
   3          unsigned char buf[12];
   4          unsigned long num_temp;
   5          
   6          unsigned long number_transfer(int key_transfer) {
   7   1              num_temp = num_temp * 10 + key_transfer;
   8   1              return num_temp;
   9   1      }
  10          
  11          unsigned char password_validate(unsigned long password,unsigned long input) {
  12   1              if(password == input) {
  13   2                      return 1;
  14   2              }
  15   1              else {
  16   2                      return 0;
  17   2              }
  18   1      }
  19          
  20          unsigned char LongToString(unsigned long dat){
  21   1          signed char i = 0;
  22   1          unsigned char len = 0;
  23   1         
  24   1          do {
  25   2              buf[i] = dat % 10;
  26   2                      i++;
  27   2              dat /= 10;
  28   2          } while (dat > 0);
  29   1          len += i; 
  30   1              return len;
  31   1      }
  32          


MODULE INFORMATION:   STATIC OVERLAYABLE
   CODE SIZE        =    192    ----
   CONSTANT SIZE    =   ----    ----
   XDATA SIZE       =   ----    ----
   PDATA SIZE       =   ----    ----
   DATA SIZE        =     16      14
   IDATA SIZE       =   ----    ----
   BIT SIZE         =   ----    ----
END OF MODULE INFORMATION.


C51 COMPILATION COMPLETE.  0 WARNING(S),  0 ERROR(S)
