C51 COMPILER V9.01   HC165                                                                 04/12/2016 19:27:35 PAGE 1   


C51 COMPILER V9.01, COMPILATION OF MODULE HC165
OBJECT MODULE PLACED IN hc165.OBJ
COMPILER INVOKED BY: C:\Keil_v4\C51\BIN\C51.EXE hc165.c BROWSE DEBUG OBJECTEXTEND

line level    source

   1          #include<reg52.h>
   2          sbit hc165_sdo=P1^5;
   3          sbit hc165_sclk=P1^6;
   4          sbit hc165_pl=P1^7;
   5          
   6          unsigned char key=0x3e;
   7          
   8          
   9          //unsigned char code lcd_buffer[]={"0123456789ABCDEF"};
  10          //unsigned char code ascii[]={"0123456789abcdef"};
  11          
  12          void hc165_init(){
  13   1              hc165_sdo=1;
  14   1              hc165_sclk=0;
  15   1              hc165_pl=1;
  16   1      }
  17          
  18          unsigned char hc165_re(void){
  19   1              unsigned i,x=0;
  20   1              hc165_pl=0;
  21   1              x=x+0;
  22   1              hc165_pl=1;
  23   1              if( hc165_sdo == 1 )
  24   1                      x = x + 1;
  25   1              for( i = 0;i < 7;i ++){
  26   2                      hc165_sclk=1;
  27   2                      x = x << 1;
  28   2                      hc165_sclk=0;
  29   2                      if( hc165_sdo == 1 )
  30   2                              x = x + 1;
  31   2              }
  32   1              return x;
  33   1      }


MODULE INFORMATION:   STATIC OVERLAYABLE
   CODE SIZE        =     56    ----
   CONSTANT SIZE    =   ----    ----
   XDATA SIZE       =   ----    ----
   PDATA SIZE       =   ----    ----
   DATA SIZE        =      1    ----
   IDATA SIZE       =   ----    ----
   BIT SIZE         =   ----    ----
END OF MODULE INFORMATION.


C51 COMPILATION COMPLETE.  0 WARNING(S),  0 ERROR(S)
